[   0.00000]Intializng croup sbsyscpust
[   000000] Iitiaizin cgrup subys cu
[   0.00000 Iniialiing grou subys cuacc
[   0.00000]Linux ersin 4..0-12-geeric (uildd@gw01-ad64-33 (gcc ersion5.4. 2010609 (bunt 5.40-6uuntu~16.04.10)) #18-Ubntu SM WedJan 6 2100:4 UTC2019(Ubutu 44.-14216-genric .4.17)
[    0.00000] ommad lie: BOT_IAGE=boot/vlinz-4.4.-142geneic rot=LABELclouimg-ootf ro onsoletty1consol=ttyS0
    .00000] KENEL uppoted pus:
[   0.00000   Itel enuieIntl
[   0.00000   AD AuheticAD
[   0.00000]  CetaurCenturHals
    .00000 x86/fpu: stat_offet[2:  56, xtae_sies[2:  26
[   0.00000 x86fpu: Spporing SAVE featue 0x1: '87 foatig pont rgistrs'
[   0000000 x86fpu:Supprtin XSAE featur 0x0: 'SSEregiters'
[   0.0000] x8/fpu Suporing SAVEfeatre 0x0: 'AX regiters
[   0.00000]x8/fpu Enabled xstate feaurs 0x, cotet siz is 83 byts, uing 'sandad' frmat
[   0.00000 e820:BIOS-povidedphyscal AM map
[    000000] BOS-e20 [em 0x000000000000-0x0000000009fbf] uable
[    0.00000] IOS-20: mem x0000000009fc00x0000000009fff] rseved
[   0000000 BIO-e820: [mem 0x000000000f000-0x00000000ffff] reerve
[    0.0000] BIS-e80: [em 0x000000010000-0x00000003fefff] usabe
[   0.0000 BIOS-820:[mm x000000ff00000x0000003ffffff] API dta
    .00000] BIS-e80: [em 00000000fc0000-0x000000fec0fff] resered
[   0.00000]BIOSe820: mem x0000000fee0000-x0000000ee00ff] esered
    .00000] BIS-e80:[mem x0000000ffc000-0x0000000ffffff] rservd
[   000000] NX Execte Dsabl) prtetion actve
[    .00000] SMBIOS 2.5presnt.
[   0.0000] Hpervsor deecte: KV
[   0.0000] 820:lastpfn = x3ff0 maxarch_pfn = 0x400000000
[    0.00000]MTRR Disbld
[   0.00000] x8/PAT MTRs diable, skpping AT iitiaizaton too
[   0.00000]CPU TRRsall lank- vitualzed yste.
[   0000000 x86/P: Confguation 0-7]: B  W  UC U  WB  T  U- UC 
[   000000] fund SM MP-ableat [mem0x009ff0-0x009fff] mapped a [fff88000009fff0]
[   0.00000]Scaning  area forlow meory orrutin
[   0.00000] RAMDIS: [mm 0x363080000x371bfff
[   0.00000]ACPI: arlytable heckum vrificatin diable
[   0.00000] API: SDP 0x000000000E000 0002 (v0 VBO  )
[  0.0000] CPI: XSDT 0x0000003FFF030000 (v01 BO   BOXSDT 000001 AS 0000061
[   0.00000]ACPI FAC 0x0000000FFF0F0 000F4(v04 VBOX   VOXFACP 0000001 SL 0000061)
[   0.0000] CPI:DSDT0x0000003FFF470 021F (v0 VBO   VOXBIO 0000002INTL2010528)
[   0.00000]ACPI FAC 0x0000003FF020 00040
[   0.0000] AC: FAS 0x0000003FFF0200 00000
[   0.0000] ACI: API 000000003F024000005C(v02VBOX  VBXAPIC 00000 ASL 0000061)
[   0.00000 ACP: SST x00000003FF02A 001CC(v01VBX   BOCPUT 00002 ITL 2010528
[   0.0000] NoNUMAconfguratin fond
    0.0000] Faing  nod at em 00000000000000-x0000000ffefff]
[   0.00000 NOD_DAT(0) llocatd [mm 0xffeb000x3ffeffff]
[   0.00000] kvm-clock: Uing srs b564d01 an 4b54d00
[   0.00000 kvm-cock:cpu 0, msr0:3ffe301, prmay cpu clock
[   0.0000] km-clck: singsched ffse o 46794201 ycles
[   000000]clocksurce kvm-cock:mask 0xfffffffffffff ax_ccles 0x1d42edffb mx_idlens: 885905143 ns
[    .00000] on range:
[   0.0000]   DM     [mem x0000000000100-000000000fffff]
[    0.00000]  DMA3    [mm 0x0000000100000-x0000003ffffff
[   0.0000]   orma   empty
[   000000]  Devie   mpty
[   000000] ovabe zoe star for ech nde
[    0.00000] Ealy mmorynoderangs
[   000000]  node  0: [em 0000000000010000x000000000efff
[   0.00000]   nod   0 [me 0x0000000010000-000000003fefff]
[   0.0000] Intmem stup ode 0 mem x000000000010000x0000003ffefff]
[   000000] ACP: PMTimer O Port: x400
[   0.0000] IOPIC[]: aic_id2, verson 32,addrss 0fec0000,GSI -23
[   0000000] ACI: IT_SR_OVR(bus0 bu_irq0 glbal_q 2 fl dl)
   0.00000 ACP: IN_SRC_OR bus 0 us_iq 9 lobal_rq 9low evl)
    .00000] sing ACP (MDT forSMP onfiurtion ifomatin
[   0.00000]smpboo: Alowing  CPUs,0 hoplugCPUs
[   000000] PM Regsterd noave emor: [mem 0x000000-0x0000fff]
[   0.000000] PM: Registered nosave memory:[mm 0x009f00-00009ff]
[   0.0000] PM Regsterd noave memory [me 0x00a000-0x00efff]
[   0.0000] P: Reisteed nsavememoy: [em 0x00000000x00ffff]
[   0.0000] e80: [em 04000000-xfebffff] vailble or PC devces
[   000000] Botin parvirtalizd kenel o KVM
[   0.00000 cloksouce: rinedjifies mask: 0ffffff ma_cyces: xfffffff, max_idlns: 765596001156 ns
[   000000] stup_ercp: NR_CUS:512nr_cumas_bit512 r_cp_ids:2 n_nde_ds:1
[    .00000] ERCP: mbeded 34 pages/cpu @ff8800fc00000 s948 r812 d3152 u104576
[  0.00000]Bult 1zoneistsin Nde oder,mobiliy groung on. Total ages: 5791
[   0.0000] Poicy one:DM32
    0.0000] erne comand ine:BOT_IMGE=/bootvmliz-4.0-142-enerc rot=LAEL=coudig-rotfs  conle=ty1conole=tyS0
[   0.000] PID hh taleentres: 096 orde: 3,32768 byts)
[   0.00000]Memory 97732/104120Kavailable 603K kerel cde, 332K data 400K odta, 484Kinit 131K bss, 50388Kreerve, 0K ca-resrved
[   0.00000]SLB: HWalign=64 Order=0-, MiObects0, CUs=, Noes=1
[   0.0000] ernel/User page tables isolatio: enabed
    .00000 Herarhica RCU implmenttion
[   0.0000] 	Bild-ime djusment o leafano to 4.
   0.0000] 	U retrcting PUs rom R_CPUS512 o nr_c_ids=2
    .00000] CU Ajutinggeomtry or rcufanot_lef=4, n_cu_id=2
[   0.00000] NR_IRQS:33024 nr_irqs440 16
[    0.0000] onsoe: colour GA+ 8x25
[   000000] cnsol [tt] enled
    0.0000 console[ttyS0] enbled
[   0.000000] tsc: Detected 1800.000 MHz processor
[   60.266022] Calibrating delay loop (skipped) preset value.. 3600.00 BogoMIPS (lpj=7200000)
[   60.358658] pid_max: default: 32768 minimum: 301
[   60.420399] ACPI: Core revision 20150930
[   60.481931] ACPI: 2 ACPI AML tables successfully acquired and loaded
[   60.559837] Security Framework initialized
[   60.609906] Yama: becoming mindful.
[   60.709354] AppArmor: AppArmor initialized
[   60.822802] Dentry cache hash table entries: 131072 (order: 8, 1048576 bytes)
[   60.994654] Inode-cache hash table entries: 65536 (order: 7, 524288 bytes)
[   61.152974] Mount-cache hash table entries: 2048 (order: 2, 16384 bytes)
[   61.312494] Mountpoint-cache hash table entries: 2048 (order: 2, 16384 bytes)
[   61.529637] Initializing cgroup subsys io
[   61.581022] Initializing cgroup subsys memory
[   61.632865] Initializing cgroup subsys devices
[   61.717040] Initializing cgroup subsys freezer
[   61.831020] Initializing cgroup subsys net_cls
[   61.933894] Initializing cgroup subsys perf_event
[   62.036985] Initializing cgroup subsys net_prio
[   62.165069] Initializing cgroup subsys hugetlb
[   62.286968] Initializing cgroup subsys pids
[   62.404057] mce: CPU supports 0 MCE banks
[   62.512863] Last level iTLB entries: 4KB 64, 2MB 8, 4MB 8
[   62.660332] Last level dTLB entries: 4KB 64, 2MB 0, 4MB 0, 1GB 4
[   62.812802] Spectre V2 : Mitigation: Full generic retpoline
[   62.941202] Spectre V2 : Spectre v2 / SpectreRSB mitigation: Filling RSB on context switch
[   63.126328] Speculative Store Bypass: Vulnerable
[   63.241119] Freeing SMP alternatives memory: 32K
[   63.338777] ftrace: allocating 32277 entries in 127 pages
[   63.637166] smpboot: APIC(0) Converting physical 0 to logical package 0
[   63.805076] smpboot: Max logical packages: 1
[   63.918964] x2apic enabled
[   63.983358] Switched APIC routing to physical x2apic.
[   64.079680] ..TIMER: vector=0x30 apic1=0 pin1=2 apic2=-1 pin2=-1
[   64.343661] smpboot: CPU0: Intel(R) Core(TM) i5-8250U CPU @ 1.60GHz (family: 0x6, model: 0x8e, stepping: 0xa)
[   64.552204] Performance Events: unsupported p6 CPU model 142 no PMU driver, software events only.
[   64.856154] KVM setup paravirtual spinlock
[   64.991931] x86: Booting SMP configuration:
[   65.107120] .... node  #0, CPUs:      #1
[   65.227072] kvm-clock: cpu 1, msr 0:3ffe3041, secondary cpu clock
[   65.263699] mce: CPU supports 0 MCE banks
[   65.269475] TSC synchronization [CPU#0 -> CPU#1]:
[   65.273111] Measured 10 cycles TSC warp between CPUs, turning off TSC clock.
[   65.372693] tsc: Marking TSC unstable due to check_tsc_sync_source failed
[   65.509935] x86: Booted up 1 node, 2 CPUs
[   65.621975] smpboot: Total of 2 processors activated (7200.00 BogoMIPS)
[    0.348734] devtmpfs: initialized
[    0.356168] evm: security.selinux
[    0.360022] evm: security.SMACK64
[    0.364007] evm: security.SMACK64EXEC
[    0.368007] evm: security.SMACK64TRANSMUTE
[    0.372009] evm: security.SMACK64MMAP
[    0.376004] evm: security.ima
[    0.380006] evm: security.capability
[    0.384228] clocksource: jiffies: mask: 0xffffffff max_cycles: 0xffffffff, max_idle_ns: 7645041785100000 ns
[    0.388063] futex hash table entries: 512 (order: 3, 32768 bytes)
[    0.392131] pinctrl core: initialized pinctrl subsystem
[    0.396200] RTC time: 15:29:50, date: 02/25/19
[    0.400433] NET: Registered protocol family 16
[    0.416024] cpuidle: using governor ladder
[    0.432018] cpuidle: using governor menu
[    0.436029] PCCT header not found.
[    0.440160] ACPI: bus type PCI registered
[    0.444016] acpiphp: ACPI Hot Plug PCI Controller Driver version: 0.5
[    0.448122] PCI: Using configuration type 1 for base access
[    0.468221] ACPI: Added _OSI(Module Device)
[    0.472011] ACPI: Added _OSI(Processor Device)
[    0.476016] ACPI: Added _OSI(3.0 _SCP Extensions)
[    0.480009] ACPI: Added _OSI(Processor Aggregator Device)
[    0.489124] ACPI: Executed 1 blocks of module-level executable AML code
[    0.506407] ACPI: Interpreter enabled
[    0.508033] ACPI: (supports S0 S5)
[    0.512008] ACPI: Using IOAPIC for interrupt routing
[    0.516441] PCI: Using host bridge windows from ACPI; if necessary, use "pci=nocrs" and report a bug
[    0.532572] ACPI: PCI Root Bridge [PCI0] (domain 0000 [bus 00-ff])
[    0.536022] acpi PNP0A03:00: _OSC: OS supports [ASPM ClockPM Segments MSI]
[    0.540068] acpi PNP0A03:00: _OSC: not requesting OS control; OS requires [ExtendedConfig ASPM ClockPM MSI]
[    0.544029] acpi PNP0A03:00: fail to add MMCONFIG information, can't access extended PCI configuration space under this bridge.
[    0.552168] PCI host bridge to bus 0000:00
[    0.556014] pci_bus 0000:00: root bus resource [io  0x0000-0x0cf7 window]
[    0.560008] pci_bus 0000:00: root bus resource [io  0x0d00-0xffff window]
[    0.564013] pci_bus 0000:00: root bus resource [mem 0x000a0000-0x000bffff window]
[    0.568013] pci_bus 0000:00: root bus resource [mem 0x40000000-0xfdffffff window]
[    0.572014] pci_bus 0000:00: root bus resource [bus 00-ff]
[    0.583106] pci 0000:00:01.1: legacy IDE quirk: reg 0x10: [io  0x01f0-0x01f7]
[    0.584012] pci 0000:00:01.1: legacy IDE quirk: reg 0x14: [io  0x03f6]
[    0.588013] pci 0000:00:01.1: legacy IDE quirk: reg 0x18: [io  0x0170-0x0177]
[    0.592017] pci 0000:00:01.1: legacy IDE quirk: reg 0x1c: [io  0x0376]
[    0.624358] pci 0000:00:07.0: quirk: [io  0x4000-0x403f] claimed by PIIX4 ACPI
[    0.628062] pci 0000:00:07.0: quirk: [io  0x4100-0x410f] claimed by PIIX4 SMB
[    0.645648] ACPI: PCI Interrupt Link [LNKA] (IRQs 5 9 10 *11)
[    0.664564] ACPI: PCI Interrupt Link [LNKB] (IRQs 5 9 *10 11)
[    0.676260] ACPI: PCI Interrupt Link [LNKC] (IRQs 5 *9 10 11)
[    0.693292] ACPI: PCI Interrupt Link [LNKD] (IRQs 5 9 10 *11)
[    0.708108] ACPI: Enabled 2 GPEs in block 00 to 07
[    0.712248] vgaarb: setting as boot device: PCI:0000:00:02.0
[    0.716000] vgaarb: device added: PCI:0000:00:02.0,decodes=io+mem,owns=io+mem,locks=none
[    0.716010] vgaarb: loaded
[    0.720010] vgaarb: bridge control possible 0000:00:02.0
[    0.724215] SCSI subsystem initialized
[    0.728085] ACPI: bus type USB registered
[    0.732060] usbcore: registered new interface driver usbfs
[    0.736037] usbcore: registered new interface driver hub
[    0.744009] usbcore: registered new device driver usb
[    0.749678] PCI: Using ACPI for IRQ routing
[    0.752655] NetLabel: Initializing
[    0.756007] NetLabel:  domain hash size = 128
[    0.760007] NetLabel:  protocols = UNLABELED CIPSOv4
[    0.764041] NetLabel:  unlabeled traffic allowed by default
[    0.768103] amd_nb: Cannot enumerate AMD northbridges
[    0.772116] clocksource: Switched to clocksource kvm-clock
[    0120]ppmo AArr lest Eable
[  1791]npPnAC it    .7360]pn P AI:ou 3evce

[  3708504]losorc ai_m: mk:xfffmacyes: xfffffmaid_n 25702ns[  570072] T:egstedrocofaly2
[    6703] P taisd shtae ntes 82 rder 4 6556 byes

[    0001] P ind shab eri: 192 rder 51372 yte)[   3470 TP: Hshabs nfigurd estlied19 bd 92)
[   104226 U hh bl etrie: 2 rd: , 38 bytes)
[ 11.25302] P-teastalentries: 512(oer 2164 te)
[   2.358] NET: Registered protool amy 
[ 122921] ci0000:00.: ming dec PCIPC tnsrs[  13.853]ci00001.: titi I D hngorkaounds[ 14717]npki itrfs.
[   16.221668] Freeing initrd memory: 14800K
[   16.231182] clocksource: tsc: mask: 0xffffffffffffffff max_cycles: 0x19f2297dd97, max_idle_ns: 440795236593 ns
[   16.490600] platform rtc_cmos: registered platform RTC device (no PNP device found)
[   16.728538] Scanning for low memory corruption every 60 seconds
[   16.891675] audit: initializing netlink subsys (disabled)
[   17.049677] audit: type=2000 audit(1551108545.661:1): initialized
[   17.249928] Initialise system trusted keyring
[   17.387619] HugeTLB registered 2 MB page size, pre-allocated 0 pages
[   17.539434] zbud: loaded
[   17.596668] VFS: Disk quotas dquot_6.6.0
[   17.617] FS: quo-cche shtalentes: 51 (de 040 bes)
[  18.7926sqsh: rsn .0(29//3) hiip Lughe

[ 19775] fse ini(A vsin 23

[   0.7918] Ke te g_key regsted
[ 210557Alcang I M ad acis kris.
[   22.542762] Key type asymmetric registered
[   22.644675] Asymmetric key parser 'x509' registered
[   22.777123] Block layer SCSI generic (bsg) driver version 0.4 loaded (major 249)
[   22.980675] io scheduler noop registered
[   23.075052] io scheduler deadline registered (default)
[   231774 iscduerfqegsterd
[ 23908]ciotplug: PCI t ugCI Coe rson:0.
[   24.3649] pcip:CIxpssotluCotrll Dve versin:0.
[ 265881AC:  Apt [] (off-le)
[   .099 iutPor ttn as/deves/LNXSYSTM:00/LNXPBN00/inpuinpt0
[  280958 ACPI:PoerutonPW]   2764762 iut SepBuons evceLNYS:00/NXPB00np/iut

[  30677]CP Sle Bto [PF

[   31.285 GS:ESisot eabl!  1.6447] ACPI: tty otBA] (batery reent)
[ 33051]eral82/155drve, 32port I sri ebl
ÿ[  4.47] :0 ttyS0t O 3f(i =, seau= 5200 is 160A
[  3.16821] Liuxgprtntfa v.10
[   36.937082] loop: module loaded
[   .052 ssiho0:atpi
[  369548]csho1:taii

[   .416 a1:PAA ma UMA3 d 1fct0x6 dm0x000 ir 14  9.801]ta2: PA x MA3 d x10 ct0x37 bmaxd8 q 
[  4471403] bpy: Fed MIOus pbe

[   42406tu UivsaTU/TAP eve ivr,.6
[  3.00] n:C)999-00MaKrnysky <mk@almmom

[   44.789160] PPP generic driver version 2.4.2
[   44.832068] ehci_hcd: USB 2.0 'Enhanced' Host Controller (EHCI) Driver
[   .039 ei-i:HCPCplform rir  5.754309ehcilaor EI nec atrmrir
[  6.7613ohi_d:SB.1Op' stonroller(OHC) iv
  8.1470] ciciOH P plaorm drve
  49885]hcplfo: CIgenericlaordrer
[ 503092uh_h: SB UiveralHot ntll Iercerir  1.28814 i04: PNP:PS/2 Cntll [P03:2K,PNPf0PS]  00,x6ir 112
[   .965] ri i42BDoratx6,0x6 i 1[ 54141]er: 04AUportt 60x6ir12

[   55.370240] mousedev: PS/2 mouse device common for all mice
[   55.427044] input: AT Translated Set 2 keyboard as /devices/platform/i8042/serio0/input/input2
[   55.436656] rtc_cmos rtc_cmos: rtc core: registered rtc_cmos as rtc0
[   55.436745] rtc_cmos rtc_cmos: alarms up to one day, 114 bytes nvram
[   55.436754] i2c /dev entries driver
[   55.436813] device-mapper: uevent: version 1.0.3
[   55.436893] device-mapper: ioctl: 4.34.0-ioctl (2015-10-28) initialised: dm-devel@redhat.com
[   55.436914] ledtrig-cpu: registered to indicate activity on CPUs
[   55.444351] NET: Registered protocol family 10
[   55.444522] NET: Registered protocol family 17
[   55.444535] Key type dns_resolver registered
[   55.444887] registered taskstats version 1
[   55.444902] Loading compiled-in X.509 certificates
[   55.446108] Loaded X.509 cert 'Build time autogenerated kernel key: bff73e56bc0efa7435b2a24f5427674623f1be80'
[   55.446151] zswap: loaded using pool lzo/zbud
[   55.450242] Key type trusted registered
[   55.458161] Key type encrypted registered
[   55.458166] AppArmor: AppArmor sha1 policy hashing enabled
[   55.458168] ima: No TPM chip found, activating TPM-bypass!
[   55.458174] ima: Allocated hash algorithm: sha1
[   55.458186] evm: HMAC attrs: 0x1
[   55.458503]   Magic number: 7:371:488
[   55.458527] regulator regulator.0: hash matches
[   55.520757] rtc_cmos rtc_cmos: setting system clock to 2019-02-25 15:30:52 UTC (1551108652)
[   55.520888] BIOS EDD facility v0.16 2004-Jun-25, 0 devices found
[   55.520889] EDD information not available.
[   58.569896] Freeing unused kernel memory: 1484K
[   58.720267] Write protecting the kernel read-only data: 14336k
[   58.917698] Freeing unused kernel memory: 1624K
[   59.052372] Freeing unused kernel memory: 92K
Loading, please [   59.083676] random: systemd-udevd: uninitialized urandom read (16 bytes read, 9 bits of entropy available)
wait...
startin[   59.084514] random: udevadm: uninitialized urandom read (16 bytes read, 9 bits of entropy available)
g version 229
[   59.084531] random: udevadm: uninitialized urandom read (16 bytes read, 9 bits of entropy available)
[   59.093026] random: udevadm: uninitialized urandom read (16 bytes read, 9 bits of entropy available)
[   59.093063] random: udevadm: uninitialized urandom read (16 bytes read, 9 bits of entropy available)
[   59.093189] random: udevadm: uninitialized urandom read (16 bytes read, 9 bits of entropy available)
[   59.093235] random: udevadm: uninitialized urandom read (16 bytes read, 9 bits of entropy available)
[   59.093282] random: udevadm: uninitialized urandom read (16 bytes read, 9 bits of entropy available)
[   59.093327] random: udevadm: uninitialized urandom read (16 bytes read, 9 bits of entropy available)
[   59.093371] random: udevadm: uninitialized urandom read (16 bytes read, 9 bits of entropy available)
[   61.211090] e1000: Intel(R) PRO/1000 Network Driver - version 7.3.21-k8-NAPI
[   61.397705] e1000: Copyright (c) 1999-2006 Intel Corporation.
[   61.397801] Fusion MPT base driver 3.04.20
[   61.397802] Copyright (c) 1999-2008 LSI Corporation
[   61.628838] Fusion MPT SPI Host driver 3.04.20
[   61.878787] AVX2 version of gcm_enc/dec engaged.
[   61.960931] AES CTR mode by8 optimization enabled
[   62.171761] e1000 0000:00:03.0 eth0: (PCI:33MHz:32-bit) 02:22:14:82:b3:e3
[   62.321694] e1000 0000:00:03.0 eth0: Intel(R) PRO/1000 Network Connection
[   62.542848] e1000 0000:00:03.0 enp0s3: renamed from eth0
[   62.639825] mptbase: ioc0: Initiating bringup
[   62.735257] input: ImExPS/2 Generic Explorer Mouse as /devices/platform/i8042/serio1/input/input4
[   62.912851] ioc0: LSI53C1030 A0: Capabilities={Initiator}
[   63.182860] scsi host2: ioc0: LSI53C1030 A0, FwRev=00000000h, Ports=1, MaxQ=256, IRQ=20
[   63.477358] scsi 2:0:0:0: Direct-Access     VBOX     HARDDISK         1.0  PQ::0 ANSI: 5
[   63.635589] scsi target2:0:0: Beginning Domain Validation
[   63.761804] scsi target2:0:0: Domain Validation skipping write tests
[   63.948089] scsi target2:0:0: Ending Domain Validation
[   64.088079] scsi target2:0:0: asynchronous
[   64.130901] scsi 2:0:1:0: Direct-Access     VBOX     HARDDISK         1.0  PQ: 0 ANSI: 5
[   64.310709] scsi target2:0:1: Beginning Domain Validation
[   64.444073] scsi target2:0:1: Domain Validation skipping write tests
[   64.647873] scsi target2:0:1: Ending Domain Validation
[   64.773854] scsi target2:0:1: asynchronous
[   64.935636] sd 2:0:0:0: Attached scsi generic sg0 type 0
[   64.936684] sd 2:0:0:0: [sda] 20971520 512-byte logical blocks: (10.7 GB/10.0 GiB)
[   64.937323] sd 2:0:0:0: [sda] Write Protect is off
[   64.937731] sd 2:0:0:0: [sda] Incomplete mode parameter data
[   64.937734] sd 2:0:0:0: [sda] Assuming drive cache: write through
[   65.419326]  sda: sda1
[   65.421466] sd 2:0:0:0: [sda] Attached SCSI disk
[   65.738343] sd 2:0:1:0: Attached scsi generic sg1 type 0
[   65.738739] sd 2:0:1:0: [sdb] 20480 512-byte logical blocks: (10.5 MB/10.0 MiB)
[   65.739072] sd 2:0:1:0: [sdb] Write Protect is off
[   65.739527] sd 2:0:1:0: [sdb] Incomplete mode parameter data
[   65.739530] sd 2:0:1:0: [sdb] Assuming drive cache: write through
[   65.809980] sd 2:0:1:0: [sdb] Attached SCSI disk
Begin: Loading e[   68.569762] md: linear personality registered for level -1
ssential drivers[   68.747565] md: multipath personality registered for level -4
 ... [   68.927178] md: raid0 personality registered for level 0
[   69.079575] md: raid1 personality registered for level 1
[   69.288425] raid6: sse2x1   gen()  5441 MB/s
[   69.480418] raid6: sse2x1   xor()  3581 MB/s
[   69.664095] raid6: sse2x2   gen()  5776 MB/s
[   69.880789] raid6: sse2x2   xor()  3948 MB/s
[   70.076117] raid6: sse2x4   gen()  6992 MB/s
[   70.220437] raid6: sse2x4   xor()  4428 MB/s
[   70.408195] raid6: avx2x1   gen() 10094 MB/s
[   70.584195] raid6: avx2x2   gen() 14967 MB/s
[   70.768473] raid6: avx2x4   gen() 13245 MB/s
[   70.910706] raid6: using algorithm avx2x2 gen() 14967 MB/s
[   71.043533] raid6: using avx2x2 recovery algorithm
[   71.133640] xor: automatically using best checksumming function:
[   71.300309]    avx       : 17148.000 MB/sec
[   71.398389] async_tx: api initialized (async)
[   71.506828] md: raid6 personality registered for level 6
[   71.534403] md: raid5 personality registered for level 5
[   71.623234] md: raid4 personality registered for level 4
[   71.698842] md: raid10 personality registered for level 10
done.
Begin: Running /scripts/init-premount ... done.
Begin: Mounti[   71.798730] Btrfs loaded
ng root file system ... Begin: Running /scripts/local-top ... done.
Begin: Running /scripts/local-premount ... Scanning for Btr[   71.916274] EXT4-fs (sda1): mounted filesystem with ordered data mode. Opts: (null)
fs filesystems
done.
Warning: fsck not present, so skipping root file system
done.
Begin: Running /scripts/local-bottom ... done.
Begin: Running /scripts/init-bottom ... done.
[   72.187013] systemd[1]: systemd 229 running in system mode. (+PAM +AUDIT +SELINUX +IMA +APPARMOR +SMACK +SYSVINIT +UTMP +LIBCRYPTSETUP +GCRYPT +GNUTLS +ACL +XZ -LZ4 +SECCOMP +BLKID +ELFUTILS +KMOD -IDN)
[   72.629442] systemd[1]: Detected virtualization oracle.
[   72.745174] systemd[1]: Detected architecture x86-64.

Welcome to [1mUbuntu 16.04.5 LTS[0m!

[   72.901732] systemd[1]: Set hostname to <ubuntu>.
[   73.021979] systemd[1]: Initializing machine ID from random generator.
[   73.084766] systemd[1]: Installed transient /etc/machine-id file.
[   73.228984] random: nonblocking pool is initialized
[   73.416721] systemd[1]: Reached target Swap.
[[0;32m  OK  [0m] Reached target Swap.
[   73.464602] systemd[1]: Set up automount Arbitrary Executable File Formats File System Automount Point.
[[0;32m  OK  [0m] Set up automount Arbitrary Executab...ats File System Automount Point.
[   73.713349] systemd[1]: Started Forward Password Requests to Wall Directory Watch.
[[0;32m  OK  [0m] Started Forward Password Requests to Wall Directory Watch.
[   73.881371] systemd[1]: Reached target System Time Synchronized.
[[0;32m  OK  [0m] Reached target System Time Synchronized.
[   74.045006] systemd[1]: Listening on LVM2 metadata daemon socket.
[[0;32m  OK  [0m] Listening on LVM2 metadata daemon socket.
[   74.201371] systemd[1]: Listening on LVM2 poll daemon socket.
[[0;32m  OK  [0m] Listening on LVM2 poll daemon socket.
[   74.316505] systemd[1]: Listening on udev Control Socket.
[[0;32m  OK  [0m] Listening on udev Control Socket.
[   74.412339] systemd[1]: Reached target User and Group Name Lookups.
[[0;32m  OK  [0m] Reached target User and Group Name Lookups.
[   74.526773] systemd[1]: Reached target Encrypted Volumes.
[[0;32m  OK  [0m] Reached target Encrypted Volumes.
[   74.712786] systemd[1]: Started Trigger resolvconf update for networkd DNS.
[[0;32m  OK  [0m] Started Trigger resolvconf update for networkd DNS.
[   74.948845] systemd[1]: Listening on Journal Socket.
[[0;32m  OK  [0m] Listening on Journal Socket.
[   75.121394] systemd[1]: Listening on /dev/initctl Compatibility Named Pipe.
[[0;32m  OK  [0m] Listening on /dev/initctl Compatibility Named Pipe.
[   75.333341] systemd[1]: Listening on Device-mapper event daemon FIFOs.
[[0;32m  OK  [0m] Listening on Device-mapper event daemon FIFOs.
[   75.459536] systemd[1]: Listening on Journal Socket (/dev/log).
[[0;32m  OK  [0m] Listening on Journal Socket (/dev/log).
[   75.617011] systemd[1]: Listening on udev Kernel Socket.
[[0;32m  OK  [0m] Listening on udev Kernel Socket.
[   75.725104] systemd[1]: Created slice System Slice.
[[0;32m  OK  [0m] Created slice System Slice.
[   75.960277] systemd[1]: Starting Load Kernel Modules...
[   76.034] adngSC tanorcls .070

         Startin[   76.816330] iscsi: registered transport (tcp)
g Load Kernel Modules...
[   76.945484] iscsi: registered transport (iser)
[   76.948330] systemd[1]: Starting Create list of required static device nodes for the current kernel...
         Starting Create list of required st... nodes for the current kernel...
[   77.304717] systemd[1]: Mounting Huge Pages File System...
         Mounting Huge Pages File System...
[   77.512576] systemd[1]: Mounting POSIX Message Queue File System...
         Mounting POSIX Message Queue File System...
[   77.720799] systemd[1]: Starting Set console keymap...
         Starting Set console keymap...
[   77.840461] systemd[1]: Mounting Debug File System...
         Mounting Debug File System...
[   77.916388] systemd[1]: Starting Uncomplicated firewall...
         Starting Uncomplicated firewall...
[   77.993315] systemd[1]: Created slice system-serial\x2dgetty.slice.
[[0;32m  OK  [0m] Created slice system-serial\x2dgetty.slice.
[   78.164682] systemd[1]: Starting Nameserver information manager...
         Starting Nameserver information manager...
[   78.376706] systemd[1]: Starting Remount Root and Kernel File Systems...
[   78.383937] EXT4-fs (sda1): re-mounted. Opts: (null)
         Starting Remount Root and Kernel File Systems...
[   78.477059] systemd[1]: Listening on Syslog Socket.
[[0;32m  OK  [0m] Listening on Syslog Socket.
[   78.562125] systemd[1]: Created slice User and Session Slice.
[[0;32m  OK  [0m] Created slice User and Session Slice.
[   78.653116] systemd[1]: Starting Monitoring of LVM2 mirrors, snapshots etc. using dmeventd or progress polling...
         Starting Monitoring of LVM2 mirrors... dmeventd or progress polling...
[   78.817348] systemd[1]: Reached target Slices.
[[0;32m  OK  [0m] Reached target Slices.
[   78.992730] systemd[1]: Listening on Journal Audit Socket.
[[0;32m  OK  [0m] Listening on Journal Audit Socket.
[   79.192642] systemd[1]: Starting Journal Service...
         Starting Journal Service...
[   79.331026] systemd[1]: Mounted Debug File System.
[[0;32m  OK  [0m] Mounted Debug File System.
[   79.597433] systemd[1]: Mounted Huge Pages File System.
[[0;32m  OK  [0m] Mounted Huge Pages File System.
[   79.784731] systemd[1]: Mounted POSIX Message Queue File System.
[[0;32m  OK  [0m] Mounted POSIX Message Queue File System.
[   79.953472] systemd[1]: Started Journal Service.
[[0;32m  OK  [0m] Started Journal Service.
[[0;32m  OK  [0m] Started Load Kernel Modules.
[[0;32m  OK  [0m] Started Create list of required sta...ce nodes for the current kernel.
[[0;32m  OK  [0m] Started Set console keymap.
[[0;32m  OK  [0m] Started Uncomplicated firewall.
[[0;32m  OK  [0m] Started Remount Root and Kernel File Systems.
[[0;32m  OK  [0m] Started Nameserver information manager.
[[0;32m  OK  [0m] Started LVM2 metadata daemon.
         Starting udev Coldplug all Devices...
         Starting Load/Save Random Seed...
         Starting Create Static Device Nodes in /dev...
         Starting Apply Kernel Variables...
         Mounting FUSE Control File System...
         Starting Flush Journal to Persistent Storage...
[[0;32m  OK  [0m] Mounted FUSE Control File System.
[[0;32m  OK  [0m] Started Monitoring of LVM2 mirrors,...ng dmeventd or progress polling.
[[0;32m  OK  [0m] Started Load/Save Random Seed.
[[0;32m  OK  [0m] Started Create Static Device Nodes in /dev.
[[0;32m  OK  [0m] Started Apply Kernel Variables.
[[0;32m  OK  [0m] Started udev Coldplug all Devices.
[[0;32m  OK  [0m] Started Flush Journal to Persistent Storage.
         Starting udev Kernel Device Manager...
[[0;32m  OK  [0m] Reached target Local File Systems (Pre).
[[0;32m  OK  [0m] Reached target Local File Systems.
         Starting Initial cloud-init job (pre-networking)...
         Starting LSB: AppArmor initialization...
         Starting Commit a transient machine-id on disk...
         Starting Set console font and keymap...
         Starting Create Volatile Files and Directories...
         Starting Tell Plymouth To Write Out Runtime Data...
[[0;32m  OK  [0m] Started udev Kernel Device Manager.
[[0;32m  OK  [0m] Started Commit a transient machine-id on disk.
[[0;32m  OK  [0m] Started Create Volatile Files and Directories.
[[0;32m  OK  [0m] Started Tell Plymouth To Write Out Runtime Data.
[   84.323246] cloud-init[482]: Cloud-init v. 18.4-0ubuntu1~16.04.2 running 'init-local' at Mon, 25 Feb 2019 15:31:20 +0000. Up 83.60 seconds.
[[0;32m  OK  [0m] Found device /dev/ttyS0.
[[0;32m  OK  [0m] Started Set console font and keymap.
[[0;32m  OK  [0m] Started Initial cloud-init job (pre-networking).
[[0;32m  OK  [0m] Listening on Load/Save RF Kill Switch Status /dev/rfkill Watch.
[[0;32m  OK  [0m] Reached target Network (Pre).
[[0;32m  OK  [0m] Created slice system-getty.slice.
         Starting Update UTMP about System Boot/Shutdown...
[[0;32m  OK  [0m] Started Dispatch Password Requests to Console Directory Watch.
[[0;32m  OK  [0m] Started Update UTMP about System Boot/Shutdown.
[[0;32m  OK  [0m] Started LSB: AppArmor initialization.
         Starting Raise network interfaces...
[[0;32m  OK  [0m] Started Raise network interfaces.
[[0;32m  OK  [0m] Reached target Network.
         Starting Initial cloud-init job (metadata service crawler)...
[   90.275537] cloud-init[928]: Cloud-init v. 18.4-0ubuntu1~16.04.2 running 'init' at Mon, 25 Feb 2019 15:31:25 +0000. Up 88.75 seconds.
[[0;32m  OK  [0m] Started Initial cloud-init job (metadata service crawler).
[   90.440970] [cloud-init[0;32m  OK  [0m[928]: ] ci-info: ++++++++++++++++++++++++++++++++++++++Net device info++++++++++++++++++++++++++++++++++++++Reached target System Initialization.

[[0;32m  OK  [0m] Started Daily Cleanup of Temporary Directories.
[   90.510057] cloud-init[928]: ci-info: +--------+------+----------------------------+---------------+--------+-------------------+
[   90.913760]          cloud-initStarting LXD - unix socket.[928]: 
ci-info: | Device |  Up  |          Address           |      Mask     | Scope  |     Hw-Address    |
[   91.113626] [cloud-init[0;32m  OK  [0m[928]: ] ci-info: +--------+------+----------------------------+---------------+--------+-------------------+Listening on UUID daemon activation socket.

[   91.115941]          Starting Socket activation for snappy daemon.
cloud-init[928]: ci-info: | enp0s3 | True |         10.0.2.15          | 255.255.255.0 | global | 02:22:14:82:b3:e3 |
[   91.860877] [cloud-init[0;32m  OK  [0m[928]: ] ci-info: | enp0s3 | True | fe80::22:14ff:fe82:b3e3/64 |       .       |  link  | 02:22:14:82:b3:e3 |Listening on D-Bus System Message Bus Socket.

[   91.861741] cloud-init[928]: ci-info: |   lo   | True |         127.0.0.1          |   255.0.0.0   |  host  |         .         |
[   92.246031] [cloud-init[0;32m  OK  [0m[928]: ] ci-info: |   lo   | True |          ::1/128           |       .       |  host  |         .         |Started ACPI Events Check.

[[0;32m  OK  [0m] Reached target Paths.
[   92.249007] [[0;32m  OK  [0m] Listening on ACPID Listen Socket.
cloud-init[928]: ci-info: +--------+------+----------------------------+---------------+--------+-------------------+
[   92.642955] cloud-init[928]: ci-info: +++++++++++++++++++++++++++Route IPv4 info++++++++++++++++++++++++++++
[[0;32m  OK  [0m] Started Daily apt download activities.
[   92.644655] [cloud-init[0;32m  OK  [0m[928]: ] ci-info: +-------+-------------+----------+---------------+-----------+-------+Started Daily apt upgrade and clean activities.

[[0;32m  OK  [0m] Reached target Timers.
[   92.845640] [[0;32m  OK  [0m] Reached target Network is Online.
cloud-init[928]: ci-info: | Route | Destination | Gateway  |    Genmask    | Interface | Flags |
[   93.288760]          cloud-initStarting iSCSI initiator daemon (iscsid)...[928]: 
ci-info: +-------+-------------+----------+---------------+-----------+-------+
[   93.908435] [cloud-init[0;32m  OK  [0m[928]: ] ci-info: |   0   |   0.0.0.0   | 10.0.2.2 |    0.0.0.0    |   enp0s3  |   UG  |Reached target Cloud-config availability.

[   93.909590] cloud-init[928]: ci-info: |   1   |   10.0.2.0  | 0.0.0.0  | 255.255.255.0 |   enp0s3  |   U   |
[   94.251286] [[0;32m  OK  [0m] Listening on LXD - unix socket.
cloud-init[928]: ci-info: +-------+-------------+----------+---------------+-----------+-------+
[   94.431912] [cloud-init[0;32m  OK  [0m[928]: ] ci-info: +++++++++++++++++++Route IPv6 info+++++++++++++++++++Listening on Socket activation for snappy daemon.

[   94.584569] cloud-init[928]: ci-info: +-------+-------------+---------+-----------+-------+
[   94.684440] cloud-init[928]: ci-info: | Route | Destination | Gateway | Interface | Flags |
[   94.784834] cloud-init[928]: ci-info: +-------+-------------+---------+-----------+-------+
[   94.877058] cloud-init[928]: ci-info: |   0   |  fe80::/64  |    ::   |   enp0s3  |   U   |
[   94.985144] cloud-init[928]: ci-info: |   3   |   ff00::/8  |    ::   |   enp0s3  |   U   |
[[0;32m  OK  [0m] Reached target Sockets.
[[0;32m  OK  [0m] Reached target Basic System.
[   95.119328] cloud-init[928]: ci-info: +-------+-------------+---------+-----------+-------+
         Starting LSB: Record successful boot for GRUB...
[   95.304737] cloud-init[928]: Generating public/private rsa key pair.
[   95.472637] cloud-init[928]: Your identification has been saved in /etc/ssh/ssh_host_rsa_key.
[[0;32m  OK  [0m] Started Regular background program processing daemon.
[   95.609473] cloud-init[928]: Your public key has been saved in /etc/ssh/ssh_host_rsa_key.pub.
         Starting System Logging Service...
[   95.783030] cloud-init[928]: The key fingerprint is:
[   95.892365] cloud-init[928]: SHA256:XFBT7ry2D9aNANuk9QL7lMByrPdOFEA/L2aBLZS1vfA root@ubuntu-xenial
[[0;32m  OK  [0m] Started ACPI event daemon.
[   95.996643] cloud-init[928]: The key's randomart image is:
[   96.120688] cloud-init[928]: +---[RSA 2048]----+
         Starting Virtualbox guest utils...
[   96.188342] cloud-init[928]: |        .o*+o    |
         Starting LSB: MD monitoring daemon...
[   96.291727] cloud-init[928]: |         =.B o   |
         Starting Login Service...
[   96.373236] cloud-init[928]: |        . @ % .  |
[[0;32m  OK  [0m] Started FUSE filesystem for LXC.
[   96.487488] cloud-init[928]: |       . = # X . |
[   96.604705] cloud-init[928]: |        S = & E  |
[   96.668878] cloud-init[928]: |         . B * o |
[[0;32m  OK  [0m] Started D-Bus System Message Bus.
[   96.695787] cloud-init[928]: |            O o .|
[   96.801724]          cloud-initStarting LXD - container startup/shutdown...[928]: 
|           = o   |
[   96.920543] [cloud-init[0;32m  OK  [0m[928]: ] Started Unattended Upgrades Shutdown.
|            o..  |
[   97.040759] [cloud-init[0;32m  OK  [0m[928]: ] +----[SHA256]-----+Started Deferred execution scheduler.

         Starting Pollinate to seed the pseudo random number generator...
[   97.140270] cloud-init[928]: Generating public/private dsa key pair.
[   97.296534] cloud-init[928]: Your identification has been saved in /etc/ssh/ssh_host_dsa_key.
         [   97.297137] cloud-init[928]: Your public key has been saved in /etc/ssh/ssh_host_dsa_key.pub.
Starting /etc/rc.local Compatibility...
[   97.297568] cloud-init[928]: The key fingerprint is:
[   97.636988] cloud-init[928]: SHA256:QjdpvJ7Uv6/GCZ2x9xURWl++LA/+KDtdSI+G2RZGKa0 root@ubuntu-xenial
         [   97.637338] cloud-init[928]: The key's randomart image is:
Starting Accounts Service...[   97.637758] cloud-init[928]: +---[DSA 1024]----+

[   97.638384] cloud-init[928]: |            . .oo|
[   97.944899] cloud-init[928]: |       . . . +ooo|
[   98.008929] cloud-init[928]: |      . *   +.  +|
         [   98.009440] cloud-init[928]: |     . o + E.+...|
Starting Snappy daemon...[   98.009805] cloud-init[928]: |      . S ..**=o.|

[   98.010002] cloud-init[928]: |       + ..+=*=o.|
[   98.248416] cloud-init[928]: |        o  o=+.o.|
[[   98.248852] cloud-init[928]: |           o+oo .|
[0;32m  OK  [0m] Started System Logging Service.
[   98.249300] cloud-init[928]: |           o*+.. |
[   98.496402] cloud-init[928]: +----[SHA256]-----+
[[   98.496721] cloud-init[928]: Generating public/private ecdsa key pair.
[0;32m  OK  [0m] Started Snappy daemon.
[[   98.496947] cloud-init[928]: Your identification has been saved in /etc/ssh/ssh_host_ecdsa_key.
[0;32m  OK  [0m[   98.702570] cloud-init[928]: Your public key has been saved in /etc/ssh/ssh_host_ecdsa_key.pub.
] [   98.702779] cloud-init[928]: The key fingerprint is:
Started iSCSI initiator daemon (iscsid).
[   98.707200] cloud-init[928]: SHA256:uDmY63PHkxslZwksfZm4E0rWxdUz/nXOV+HyiUX02DA root@ubuntu-xenial
[   99.174300] cloud-init[928]: The key's randomart image is:
[[   99.174884] cloud-init[928]: +---[ECDSA 256]---+
[0;32m  OK  [0m] Started LXD - container startup/shutdown.
[   99.175388] cloud-init[928]: |         .....E. |
[   99.405189] cloud-init[928]: |       + o.o  +B.|
[[   99.406007] cloud-init[928]: |      + B +  .+o+|
[0;32m  OK  [0m] Started Pollinate to seed the pseudo random number generator.
[   99.406565] cloud-init[928]: |     o + = . ..o+|
[   99.633586] cloud-init[928]: |      o S =   =+=|
[[   99.634124] cloud-init[928]: |     o o *   . o=|
[0;32m  OK  [0m] Started /etc/rc.local Compatibility.
[   99.634365] cloud-init[928]: |    o +...      .|
[   99.900333] cloud-init[928]: |    ....=.       |
[[   99.900778] cloud-init[928]: |   .oo ..o       |
[0;32m  OK  [0m] Started LSB: Record successful boot for GRUB.
[   99.901116] cloud-init[928]: +----[SHA256]-----+
[  100.108784] cloud-init[928]: Generating public/private ed25519 key pair.
[[  100.109172] cloud-init[928]: Your identification has been saved in /etc/ssh/ssh_host_ed25519_key.
[0;32m  OK  [0m] Started LSB: MD monitoring daemon.
[  100.109466] cloud-init[928]: Your public key has been saved in /etc/ssh/ssh_host_ed25519_key.pub.
[[  100.358944] cloud-init[928]: The key fingerprint is:
[0;32m  OK  [0m] Started Virtualbox guest utils.
[  100.359420] cloud-init[928]: SHA256:4XXaGjrrIYSYPEzH7ox5vEAUrzftoKvJHPwLS2dtfAk root@ubuntu-xenial
[  100.721475] cloud-init[928]: The key's randomart image is:
[[  100.722011] cloud-init[928]: +--[ED25519 256]--+
[0;32m  OK  [0m] Started Login Service.
[  100.722336] cloud-init[928]: |  .              |
[  100.920641]          cloud-initStarting Authenticate and Authorize Users to Run Privileged Tasks...[928]: 
|   +             |
[  101.027325]          cloud-initStarting OpenBSD Secure Shell server...[928]: 
|  o +   . . .    |
[  101.140891]          cloud-initStarting Login to default iSCSI targets...[928]: 
| = * o . o +     |
[  101.244688]          cloud-initStarting Wait until snapd is fully seeded...[928]: 
|  O *Eo S o .    |
[  101.353282] [cloud-init[0;32m  OK  [0m[928]: ] |.. Xo=. .. o     |Started Authenticate and Authorize Users to Run Privileged Tasks.

[  101.545429] [cloud-init[0;32m  OK  [0m[928]: ] | ==o=+oo+ .      |Started OpenBSD Secure Shell server.

[  101.547759] cloud-init[928]: |+.B+.... +       |
[[0;32m  OK  [0m] Started Accounts Service.
[  101.738698] cloud-init[928]: |o=.oo  .o        |
[[0;32m  OK  [0m] Started Login to default iSCSI targets.
[  101.841103] cloud-init[928]: +----[SHA256]-----+
[[0;32m  OK  [0m] Reached target Remote File Systems (Pre).
[[0;32m  OK  [0m] Reached target Remote File Systems.
         Starting LSB: Set the CPU Frequency Scaling governor to "ondemand"...
         Starting LSB: daemon to balance interrupts for SMP systems...
         Starting LSB: automatic crash report generation...
         Starting Permit User Sessions...
[[0;32m  OK  [0m] Started Permit User Sessions.
[[0;32m  OK  [0m] Started LSB: Set the CPU Frequency Scaling governor to "ondemand".
         Starting Terminate Plymouth Boot Screen...
         Starting Hold until boot process finishes up...
[[0;32m  OK  [0m] Started LSB: daemon to balance interrupts for SMP systems.
[[0;32m  OK  [0m] Started LSB: automatic crash report generation.
[[0;32m  OK  [0m] Started Terminate Plymouth Boot Screen.
[[0;32m  OK  [0m] Started Hold until boot process finishes up.
[[0;32m  OK  [0m] Created slice User Slice of vagrant.
         Starting User Manager for UID 1000...
[[0;32m  OK  [0m] Started Session 1 of user vagrant.
[[0;32m  OK  [0m] Started Getty on tty1.
         Starting Set console scheme...
[[0;32m  OK  [0m] Started Serial Getty on ttyS0.
[[0;32m  OK  [0m] Reached target Login Prompts.
[[0;32m  OK  [0m] Started User Manager for UID 1000.
[[0;32m  OK  [0m] Started Set console scheme.
[[0;32m  OK  [0m] Started Wait until snapd is fully seeded.
[[0;32m  OK  [0m] Reached target Multi-User System.
[[0;32m  OK  [0m] Reached target Graphical Interface.
         Starting Update UTMP about System Runlevel Changes...
         Starting Apply the settings specified in cloud-config...
[[0;32m  OK  [0m] Started Update UTMP about System Runlevel Changes.
[  107.292679] cloud-init[1348]: Generating locales (this might take a while)...
[  109.516568] cloud-init[1348]:   en_US.UTF-8... done
[  109.517785] cloud-init[1348]: Generation complete.

Ubuntu 16.04.5 LTS ubuntu-xenial ttyS0

ubuntu-xenial login: [  110.282152] cloud-init[1348]: Cloud-init v. 18.4-0ubuntu1~16.04.2 running 'modules:config' at Mon, 25 Feb 2019 15:31:43 +0000. Up 106.90 seconds.
ci-info: no authorized ssh keys fingerprints found for user ubuntu.
<14>Feb 25 15:31:48 ec2: 
<14>Feb 25 15:31:48 ec2: #############################################################
<14>Feb 25 15:31:48 ec2: -----BEGIN SSH HOST KEY FINGERPRINTS-----
<14>Feb 25 15:31:48 ec2: 1024 SHA256:QjdpvJ7Uv6/GCZ2x9xURWl++LA/+KDtdSI+G2RZGKa0 root@ubuntu-xenial (DSA)
<14>Feb 25 15:31:48 ec2: 256 SHA256:uDmY63PHkxslZwksfZm4E0rWxdUz/nXOV+HyiUX02DA root@ubuntu-xenial (ECDSA)
<14>Feb 25 15:31:48 ec2: 256 SHA256:4XXaGjrrIYSYPEzH7ox5vEAUrzftoKvJHPwLS2dtfAk root@ubuntu-xenial (ED25519)
<14>Feb 25 15:31:48 ec2: 2048 SHA256:XFBT7ry2D9aNANuk9QL7lMByrPdOFEA/L2aBLZS1vfA root@ubuntu-xenial (RSA)
<14>Feb 25 15:31:48 ec2: -----END SSH HOST KEY FINGERPRINTS-----
<14>Feb 25 15:31:48 ec2: #############################################################
-----BEGIN SSH HOST KEY KEYS-----
ecdsa-sha2-nistp256 AAAAE2VjZHNhLXNoYTItbmlzdHAyNTYAAAAIbmlzdHAyNTYAAABBBMMTk901gtQjGJcLbgDGLjEEJ5qIo29p1P/9ALMWzZbWAtLi8Y0CHYFuEnKhhuWzDgGmAJYvG0dEZLfNrKT9gCE= root@ubuntu-xenial
ssh-ed25519 AAAAC3NzaC1lZDI1NTE5AAAAIC9W7vG1n8NZRg3juwKlrUHgTpuADgufFUsXQxDRY6Df root@ubuntu-xenial
ssh-rsa AAAAB3NzaC1yc2EAAAADAQABAAABAQCfdO73YIz39yQeT+5Df+6yWIdapEyseZZW48U9FiODo1aC++LhvBwUlrxmBqHW38n0CzKQFTKJI6xJ6l0lO8LI+zWS1jnCFSUKtM6A8f0L214/sCVWbmraL4Aj/3FFjAV0PtPytTApCuRkGF9IuX/VLxuI6kyuQEGk2zVOaYxmGQiJ5orlIwWAyqAh1Vm1FHqObowU5p4nK4gaX0OIBCkyH36cYebVDu18IcOusd6uKF03uAQ2w6kXsHGDKUomTvaOK0qyqdeKu+sA6D5dbLbgNtMjMrusrD3Jmho+fFolSzx/6/enNY7ba054CMLCuCgkXIQQCNQ+s0uwCPWa4TOn root@ubuntu-xenial
-----END SSH HOST KEY KEYS-----
[  111.705722] cloud-init[1503]: Cloud-init v. 18.4-0ubuntu1~16.04.2 running 'modules:final' at Mon, 25 Feb 2019 15:31:48 +0000. Up 111.25 seconds.
[  111.706141] cloud-init[1503]: ci-info: no authorized ssh keys fingerprints found for user ubuntu.
[  111.706482] cloud-init[1503]: Cloud-init v. 18.4-0ubuntu1~16.04.2 finished at Mon, 25 Feb 2019 15:31:48 +0000. Datasource DataSourceNoCloud [seed=/dev/sdb][dsmode=net].  Up 111.68 seconds
